{"C:\\Users\\91941\\Desktop\\e-commerce\\e-commerce-frontend\\frontend\\src\\assets\\data\\countries.json": {"path":"C:\\Users\\91941\\Desktop\\e-commerce\\e-commerce-frontend\\frontend\\src\\assets\\data\\countries.json","statementMap":{},"fnMap":{},"branchMap":{},"s":{},"f":{},"b":{},"meta":{"lastBranch":0,"lastFunction":0,"lastStatement":0,"seen":{}}}
,"C:\\Users\\91941\\Desktop\\e-commerce\\e-commerce-frontend\\frontend\\src\\components\\Signup\\hooks\\UseSignup.jsx": {"path":"C:\\Users\\91941\\Desktop\\e-commerce\\e-commerce-frontend\\frontend\\src\\components\\Signup\\hooks\\UseSignup.jsx","statementMap":{"0":{"start":{"line":7,"column":13},"end":{"line":111,"column":null}},"1":{"start":{"line":9,"column":21},"end":{"line":14,"column":6}},"2":{"start":{"line":16,"column":26},"end":{"line":16,"column":60}},"3":{"start":{"line":18,"column":10},"end":{"line":19,"column":null}},"4":{"start":{"line":19,"column":8},"end":{"line":19,"column":null}},"5":{"start":{"line":22,"column":10},"end":{"line":26,"column":null}},"6":{"start":{"line":23,"column":8},"end":{"line":26,"column":null}},"7":{"start":{"line":23,"column":28},"end":{"line":26,"column":11}},"8":{"start":{"line":29,"column":10},"end":{"line":31,"column":null}},"9":{"start":{"line":30,"column":26},"end":{"line":30,"column":57}},"10":{"start":{"line":30,"column":42},"end":{"line":30,"column":56}},"11":{"start":{"line":31,"column":8},"end":{"line":31,"column":null}},"12":{"start":{"line":35,"column":10},"end":{"line":35,"column":36}},"13":{"start":{"line":37,"column":20},"end":{"line":40,"column":7}},"14":{"start":{"line":37,"column":46},"end":{"line":40,"column":7}},"15":{"start":{"line":41,"column":27},"end":{"line":47,"column":6}},"16":{"start":{"line":49,"column":40},"end":{"line":49,"column":88}},"17":{"start":{"line":50,"column":41},"end":{"line":50,"column":92}},"18":{"start":{"line":51,"column":47},"end":{"line":51,"column":116}},"19":{"start":{"line":52,"column":54},"end":{"line":54,"column":6}},"20":{"start":{"line":56,"column":29},"end":{"line":61,"column":null}},"21":{"start":{"line":63,"column":10},"end":{"line":69,"column":null}},"22":{"start":{"line":64,"column":8},"end":{"line":69,"column":null}},"23":{"start":{"line":65,"column":12},"end":{"line":68,"column":null}},"24":{"start":{"line":72,"column":30},"end":{"line":72,"column":null}},"25":{"start":{"line":74,"column":25},"end":{"line":90,"column":null}},"26":{"start":{"line":75,"column":8},"end":{"line":75,"column":null}},"27":{"start":{"line":76,"column":8},"end":{"line":76,"column":null}},"28":{"start":{"line":76,"column":31},"end":{"line":76,"column":null}},"29":{"start":{"line":77,"column":8},"end":{"line":80,"column":null}},"30":{"start":{"line":82,"column":24},"end":{"line":87,"column":null}},"31":{"start":{"line":89,"column":25},"end":{"line":89,"column":61}},"32":{"start":{"line":90,"column":8},"end":{"line":90,"column":null}},"33":{"start":{"line":93,"column":4},"end":{"line":111,"column":null}}},"fnMap":{"0":{"name":"(anonymous_0)","decl":{"start":{"line":7,"column":13},"end":{"line":7,"column":31}},"loc":{"start":{"line":7,"column":31},"end":{"line":111,"column":null}},"line":7},"1":{"name":"(anonymous_1)","decl":{"start":{"line":18,"column":10},"end":{"line":18,"column":33}},"loc":{"start":{"line":18,"column":33},"end":{"line":19,"column":null}},"line":18},"2":{"name":"(anonymous_2)","decl":{"start":{"line":22,"column":10},"end":{"line":22,"column":24}},"loc":{"start":{"line":22,"column":34},"end":{"line":26,"column":null}},"line":22},"3":{"name":"(anonymous_3)","decl":{"start":{"line":23,"column":8},"end":{"line":23,"column":19}},"loc":{"start":{"line":23,"column":28},"end":{"line":26,"column":11}},"line":23},"4":{"name":"(anonymous_4)","decl":{"start":{"line":29,"column":10},"end":{"line":29,"column":22}},"loc":{"start":{"line":29,"column":38},"end":{"line":31,"column":null}},"line":29},"5":{"name":"(anonymous_5)","decl":{"start":{"line":30,"column":32},"end":{"line":30,"column":37}},"loc":{"start":{"line":30,"column":42},"end":{"line":30,"column":56}},"line":30},"6":{"name":"(anonymous_6)","decl":{"start":{"line":37,"column":30},"end":{"line":37,"column":34}},"loc":{"start":{"line":37,"column":46},"end":{"line":40,"column":7}},"line":37},"7":{"name":"(anonymous_7)","decl":{"start":{"line":63,"column":10},"end":{"line":63,"column":31}},"loc":{"start":{"line":63,"column":49},"end":{"line":69,"column":null}},"line":63},"8":{"name":"(anonymous_8)","decl":{"start":{"line":64,"column":8},"end":{"line":64,"column":27}},"loc":{"start":{"line":65,"column":12},"end":{"line":68,"column":null}},"line":65},"9":{"name":"(anonymous_9)","decl":{"start":{"line":74,"column":25},"end":{"line":74,"column":32}},"loc":{"start":{"line":74,"column":38},"end":{"line":90,"column":null}},"line":74}},"branchMap":{"0":{"loc":{"start":{"line":31,"column":15},"end":{"line":31,"column":null}},"type":"cond-expr","locations":[{"start":{"line":31,"column":27},"end":{"line":31,"column":45}},{"start":{"line":31,"column":45},"end":{"line":31,"column":null}}],"line":31},"1":{"loc":{"start":{"line":72,"column":30},"end":{"line":72,"column":null}},"type":"binary-expr","locations":[{"start":{"line":72,"column":30},"end":{"line":72,"column":44}},{"start":{"line":72,"column":44},"end":{"line":72,"column":59}},{"start":{"line":72,"column":59},"end":{"line":72,"column":81}},{"start":{"line":72,"column":81},"end":{"line":72,"column":null}}],"line":72},"2":{"loc":{"start":{"line":76,"column":8},"end":{"line":76,"column":null}},"type":"if","locations":[{"start":{"line":76,"column":8},"end":{"line":76,"column":null}},{"start":{},"end":{}}],"line":76}},"s":{"0":1,"1":20,"2":20,"3":20,"4":1,"5":20,"6":1,"7":1,"8":20,"9":80,"10":60,"11":80,"12":20,"13":20,"14":40,"15":20,"16":20,"17":20,"18":20,"19":20,"20":20,"21":20,"22":19,"23":19,"24":20,"25":20,"26":2,"27":2,"28":1,"29":1,"30":1,"31":1,"32":1,"33":20},"f":{"0":20,"1":1,"2":1,"3":1,"4":80,"5":60,"6":40,"7":19,"8":19,"9":2},"b":{"0":[49,31],"1":[20,4,2,2],"2":[1,1]},"meta":{"lastBranch":3,"lastFunction":10,"lastStatement":34,"seen":{"s:7:13:111:Infinity":0,"f:7:13:7:31":0,"s:9:21:14:6":1,"s:16:26:16:60":2,"s:18:10:19:Infinity":3,"f:18:10:18:33":1,"s:19:8:19:Infinity":4,"s:22:10:26:Infinity":5,"f:22:10:22:24":2,"s:23:8:26:Infinity":6,"f:23:8:23:19":3,"s:23:28:26:11":7,"s:29:10:31:Infinity":8,"f:29:10:29:22":4,"s:30:26:30:57":9,"f:30:32:30:37":5,"s:30:42:30:56":10,"s:31:8:31:Infinity":11,"b:31:27:31:45:31:45:31:Infinity":0,"s:35:10:35:36":12,"s:37:20:40:7":13,"f:37:30:37:34":6,"s:37:46:40:7":14,"s:41:27:47:6":15,"s:49:40:49:88":16,"s:50:41:50:92":17,"s:51:47:51:116":18,"s:52:54:54:6":19,"s:56:29:61:Infinity":20,"s:63:10:69:Infinity":21,"f:63:10:63:31":7,"s:64:8:69:Infinity":22,"f:64:8:64:27":8,"s:65:12:68:Infinity":23,"s:72:30:72:Infinity":24,"b:72:30:72:44:72:44:72:59:72:59:72:81:72:81:72:Infinity":1,"s:74:25:90:Infinity":25,"f:74:25:74:32":9,"s:75:8:75:Infinity":26,"b:76:8:76:Infinity:undefined:undefined:undefined:undefined":2,"s:76:8:76:Infinity":27,"s:76:31:76:Infinity":28,"s:77:8:80:Infinity":29,"s:82:24:87:Infinity":30,"s:89:25:89:61":31,"s:90:8:90:Infinity":32,"s:93:4:111:Infinity":33}}}
,"C:\\Users\\91941\\Desktop\\e-commerce\\e-commerce-frontend\\frontend\\src\\components\\Signup\\services\\CountryService.jsx": {"path":"C:\\Users\\91941\\Desktop\\e-commerce\\e-commerce-frontend\\frontend\\src\\components\\Signup\\services\\CountryService.jsx","statementMap":{"0":{"start":{"line":3,"column":13},"end":{"line":4,"column":null}},"1":{"start":{"line":4,"column":4},"end":{"line":4,"column":null}}},"fnMap":{"0":{"name":"(anonymous_0)","decl":{"start":{"line":3,"column":13},"end":{"line":3,"column":34}},"loc":{"start":{"line":3,"column":34},"end":{"line":4,"column":null}},"line":3}},"branchMap":{},"s":{"0":1,"1":2},"f":{"0":2},"b":{},"meta":{"lastBranch":0,"lastFunction":1,"lastStatement":2,"seen":{"s:3:13:4:Infinity":0,"f:3:13:3:34":0,"s:4:4:4:Infinity":1}}}
,"C:\\Users\\91941\\Desktop\\e-commerce\\e-commerce-frontend\\frontend\\src\\components\\Signup\\services\\PasswordService.jsx": {"path":"C:\\Users\\91941\\Desktop\\e-commerce\\e-commerce-frontend\\frontend\\src\\components\\Signup\\services\\PasswordService.jsx","statementMap":{"0":{"start":{"line":1,"column":13},"end":{"line":51,"column":null}},"1":{"start":{"line":3,"column":18},"end":{"line":40,"column":null}},"2":{"start":{"line":7,"column":24},"end":{"line":7,"column":39}},"3":{"start":{"line":13,"column":24},"end":{"line":13,"column":39}},"4":{"start":{"line":19,"column":24},"end":{"line":19,"column":41}},"5":{"start":{"line":25,"column":24},"end":{"line":25,"column":39}},"6":{"start":{"line":31,"column":24},"end":{"line":31,"column":null}},"7":{"start":{"line":37,"column":24},"end":{"line":37,"column":null}},"8":{"start":{"line":42,"column":16},"end":{"line":42,"column":null}},"9":{"start":{"line":42,"column":34},"end":{"line":42,"column":50}},"10":{"start":{"line":44,"column":10},"end":{"line":48,"column":null}},"11":{"start":{"line":45,"column":8},"end":{"line":48,"column":null}},"12":{"start":{"line":45,"column":22},"end":{"line":45,"column":null}},"13":{"start":{"line":46,"column":16},"end":{"line":48,"column":null}},"14":{"start":{"line":46,"column":28},"end":{"line":46,"column":null}},"15":{"start":{"line":47,"column":16},"end":{"line":48,"column":null}},"16":{"start":{"line":47,"column":28},"end":{"line":47,"column":null}},"17":{"start":{"line":48,"column":13},"end":{"line":48,"column":null}},"18":{"start":{"line":51,"column":4},"end":{"line":51,"column":null}}},"fnMap":{"0":{"name":"(anonymous_0)","decl":{"start":{"line":1,"column":13},"end":{"line":1,"column":32}},"loc":{"start":{"line":1,"column":47},"end":{"line":51,"column":null}},"line":1},"1":{"name":"(anonymous_1)","decl":{"start":{"line":7,"column":12},"end":{"line":7,"column":19}},"loc":{"start":{"line":7,"column":24},"end":{"line":7,"column":39}},"line":7},"2":{"name":"(anonymous_2)","decl":{"start":{"line":13,"column":12},"end":{"line":13,"column":19}},"loc":{"start":{"line":13,"column":24},"end":{"line":13,"column":39}},"line":13},"3":{"name":"(anonymous_3)","decl":{"start":{"line":19,"column":12},"end":{"line":19,"column":19}},"loc":{"start":{"line":19,"column":24},"end":{"line":19,"column":41}},"line":19},"4":{"name":"(anonymous_4)","decl":{"start":{"line":25,"column":12},"end":{"line":25,"column":19}},"loc":{"start":{"line":25,"column":24},"end":{"line":25,"column":39}},"line":25},"5":{"name":"(anonymous_5)","decl":{"start":{"line":31,"column":12},"end":{"line":31,"column":19}},"loc":{"start":{"line":31,"column":24},"end":{"line":31,"column":null}},"line":31},"6":{"name":"(anonymous_6)","decl":{"start":{"line":37,"column":12},"end":{"line":37,"column":19}},"loc":{"start":{"line":37,"column":24},"end":{"line":37,"column":null}},"line":37},"7":{"name":"(anonymous_7)","decl":{"start":{"line":42,"column":22},"end":{"line":42,"column":29}},"loc":{"start":{"line":42,"column":34},"end":{"line":42,"column":50}},"line":42},"8":{"name":"(anonymous_8)","decl":{"start":{"line":44,"column":10},"end":{"line":44,"column":30}},"loc":{"start":{"line":44,"column":30},"end":{"line":48,"column":null}},"line":44}},"branchMap":{"0":{"loc":{"start":{"line":37,"column":24},"end":{"line":37,"column":null}},"type":"binary-expr","locations":[{"start":{"line":37,"column":24},"end":{"line":37,"column":41}},{"start":{"line":37,"column":41},"end":{"line":37,"column":null}}],"line":37},"1":{"loc":{"start":{"line":45,"column":8},"end":{"line":48,"column":null}},"type":"if","locations":[{"start":{"line":45,"column":8},"end":{"line":48,"column":null}},{"start":{"line":46,"column":16},"end":{"line":48,"column":null}}],"line":45},"2":{"loc":{"start":{"line":46,"column":16},"end":{"line":48,"column":null}},"type":"if","locations":[{"start":{"line":46,"column":16},"end":{"line":48,"column":null}},{"start":{"line":47,"column":16},"end":{"line":48,"column":null}}],"line":46},"3":{"loc":{"start":{"line":47,"column":16},"end":{"line":48,"column":null}},"type":"if","locations":[{"start":{"line":47,"column":16},"end":{"line":48,"column":null}},{"start":{"line":48,"column":13},"end":{"line":48,"column":null}}],"line":47}},"s":{"0":1,"1":6,"2":6,"3":6,"4":6,"5":6,"6":6,"7":6,"8":6,"9":36,"10":6,"11":6,"12":3,"13":3,"14":1,"15":2,"16":1,"17":1,"18":6},"f":{"0":6,"1":6,"2":6,"3":6,"4":6,"5":6,"6":6,"7":36,"8":6},"b":{"0":[6,3],"1":[3,3],"2":[1,2],"3":[1,1]},"meta":{"lastBranch":4,"lastFunction":9,"lastStatement":19,"seen":{"s:1:13:51:Infinity":0,"f:1:13:1:32":0,"s:3:18:40:Infinity":1,"f:7:12:7:19":1,"s:7:24:7:39":2,"f:13:12:13:19":2,"s:13:24:13:39":3,"f:19:12:19:19":3,"s:19:24:19:41":4,"f:25:12:25:19":4,"s:25:24:25:39":5,"f:31:12:31:19":5,"s:31:24:31:Infinity":6,"f:37:12:37:19":6,"s:37:24:37:Infinity":7,"b:37:24:37:41:37:41:37:Infinity":0,"s:42:16:42:Infinity":8,"f:42:22:42:29":7,"s:42:34:42:50":9,"s:44:10:48:Infinity":10,"f:44:10:44:30":8,"b:45:8:48:Infinity:46:16:48:Infinity":1,"s:45:8:48:Infinity":11,"s:45:22:45:Infinity":12,"b:46:16:48:Infinity:47:16:48:Infinity":2,"s:46:16:48:Infinity":13,"s:46:28:46:Infinity":14,"b:47:16:48:Infinity:48:13:48:Infinity":3,"s:47:16:48:Infinity":15,"s:47:28:47:Infinity":16,"s:48:13:48:Infinity":17,"s:51:4:51:Infinity":18}}}
,"C:\\Users\\91941\\Desktop\\e-commerce\\e-commerce-frontend\\frontend\\src\\components\\Signup\\services\\SignupService.jsx": {"path":"C:\\Users\\91941\\Desktop\\e-commerce\\e-commerce-frontend\\frontend\\src\\components\\Signup\\services\\SignupService.jsx","statementMap":{"0":{"start":{"line":3,"column":37},"end":{"line":5,"column":null}},"1":{"start":{"line":4,"column":21},"end":{"line":4,"column":67}},"2":{"start":{"line":5,"column":4},"end":{"line":5,"column":null}}},"fnMap":{"0":{"name":"(anonymous_0)","decl":{"start":{"line":3,"column":37},"end":{"line":3,"column":44}},"loc":{"start":{"line":3,"column":64},"end":{"line":5,"column":null}},"line":3}},"branchMap":{},"s":{"0":1,"1":1,"2":1},"f":{"0":1},"b":{},"meta":{"lastBranch":0,"lastFunction":1,"lastStatement":3,"seen":{"s:3:37:5:Infinity":0,"f:3:37:3:44":0,"s:4:21:4:67":1,"s:5:4:5:Infinity":2}}}
,"C:\\Users\\91941\\Desktop\\e-commerce\\e-commerce-frontend\\frontend\\src\\components\\Signup\\services\\ValidationService.jsx": {"path":"C:\\Users\\91941\\Desktop\\e-commerce\\e-commerce-frontend\\frontend\\src\\components\\Signup\\services\\ValidationService.jsx","statementMap":{"0":{"start":{"line":1,"column":13},"end":{"line":24,"column":null}},"1":{"start":{"line":2,"column":18},"end":{"line":21,"column":null}},"2":{"start":{"line":6,"column":24},"end":{"line":6,"column":null}},"3":{"start":{"line":12,"column":24},"end":{"line":12,"column":null}},"4":{"start":{"line":18,"column":24},"end":{"line":18,"column":47}},"5":{"start":{"line":23,"column":19},"end":{"line":23,"column":49}},"6":{"start":{"line":23,"column":36},"end":{"line":23,"column":48}},"7":{"start":{"line":24,"column":4},"end":{"line":24,"column":null}},"8":{"start":{"line":27,"column":13},"end":{"line":38,"column":null}},"9":{"start":{"line":28,"column":18},"end":{"line":34,"column":null}},"10":{"start":{"line":32,"column":24},"end":{"line":32,"column":60}},"11":{"start":{"line":37,"column":19},"end":{"line":37,"column":50}},"12":{"start":{"line":37,"column":36},"end":{"line":37,"column":49}},"13":{"start":{"line":38,"column":4},"end":{"line":38,"column":null}},"14":{"start":{"line":41,"column":13},"end":{"line":64,"column":null}},"15":{"start":{"line":42,"column":18},"end":{"line":61,"column":null}},"16":{"start":{"line":46,"column":23},"end":{"line":46,"column":41}},"17":{"start":{"line":52,"column":23},"end":{"line":52,"column":null}},"18":{"start":{"line":58,"column":23},"end":{"line":58,"column":null}},"19":{"start":{"line":63,"column":19},"end":{"line":63,"column":56}},"20":{"start":{"line":63,"column":36},"end":{"line":63,"column":55}},"21":{"start":{"line":64,"column":4},"end":{"line":64,"column":null}}},"fnMap":{"0":{"name":"(anonymous_0)","decl":{"start":{"line":1,"column":13},"end":{"line":1,"column":29}},"loc":{"start":{"line":1,"column":38},"end":{"line":24,"column":null}},"line":1},"1":{"name":"(anonymous_1)","decl":{"start":{"line":6,"column":12},"end":{"line":6,"column":19}},"loc":{"start":{"line":6,"column":24},"end":{"line":6,"column":null}},"line":6},"2":{"name":"(anonymous_2)","decl":{"start":{"line":12,"column":12},"end":{"line":12,"column":19}},"loc":{"start":{"line":12,"column":24},"end":{"line":12,"column":null}},"line":12},"3":{"name":"(anonymous_3)","decl":{"start":{"line":18,"column":12},"end":{"line":18,"column":19}},"loc":{"start":{"line":18,"column":24},"end":{"line":18,"column":47}},"line":18},"4":{"name":"(anonymous_4)","decl":{"start":{"line":23,"column":25},"end":{"line":23,"column":31}},"loc":{"start":{"line":23,"column":36},"end":{"line":23,"column":48}},"line":23},"5":{"name":"(anonymous_5)","decl":{"start":{"line":27,"column":13},"end":{"line":27,"column":30}},"loc":{"start":{"line":27,"column":40},"end":{"line":38,"column":null}},"line":27},"6":{"name":"(anonymous_6)","decl":{"start":{"line":32,"column":12},"end":{"line":32,"column":19}},"loc":{"start":{"line":32,"column":24},"end":{"line":32,"column":60}},"line":32},"7":{"name":"(anonymous_7)","decl":{"start":{"line":37,"column":25},"end":{"line":37,"column":31}},"loc":{"start":{"line":37,"column":36},"end":{"line":37,"column":49}},"line":37},"8":{"name":"(anonymous_8)","decl":{"start":{"line":41,"column":13},"end":{"line":41,"column":36}},"loc":{"start":{"line":41,"column":52},"end":{"line":64,"column":null}},"line":41},"9":{"name":"(anonymous_9)","decl":{"start":{"line":46,"column":12},"end":{"line":46,"column":18}},"loc":{"start":{"line":46,"column":23},"end":{"line":46,"column":41}},"line":46},"10":{"name":"(anonymous_10)","decl":{"start":{"line":52,"column":12},"end":{"line":52,"column":18}},"loc":{"start":{"line":52,"column":23},"end":{"line":52,"column":null}},"line":52},"11":{"name":"(anonymous_11)","decl":{"start":{"line":58,"column":12},"end":{"line":58,"column":18}},"loc":{"start":{"line":58,"column":23},"end":{"line":58,"column":null}},"line":58},"12":{"name":"(anonymous_12)","decl":{"start":{"line":63,"column":25},"end":{"line":63,"column":31}},"loc":{"start":{"line":63,"column":36},"end":{"line":63,"column":55}},"line":63}},"branchMap":{},"s":{"0":1,"1":5,"2":5,"3":4,"4":3,"5":5,"6":12,"7":5,"8":1,"9":5,"10":5,"11":5,"12":5,"13":5,"14":1,"15":6,"16":6,"17":5,"18":4,"19":6,"20":15,"21":6},"f":{"0":5,"1":5,"2":4,"3":3,"4":12,"5":5,"6":5,"7":5,"8":6,"9":6,"10":5,"11":4,"12":15},"b":{},"meta":{"lastBranch":0,"lastFunction":13,"lastStatement":22,"seen":{"s:1:13:24:Infinity":0,"f:1:13:1:29":0,"s:2:18:21:Infinity":1,"f:6:12:6:19":1,"s:6:24:6:Infinity":2,"f:12:12:12:19":2,"s:12:24:12:Infinity":3,"f:18:12:18:19":3,"s:18:24:18:47":4,"s:23:19:23:49":5,"f:23:25:23:31":4,"s:23:36:23:48":6,"s:24:4:24:Infinity":7,"s:27:13:38:Infinity":8,"f:27:13:27:30":5,"s:28:18:34:Infinity":9,"f:32:12:32:19":6,"s:32:24:32:60":10,"s:37:19:37:50":11,"f:37:25:37:31":7,"s:37:36:37:49":12,"s:38:4:38:Infinity":13,"s:41:13:64:Infinity":14,"f:41:13:41:36":8,"s:42:18:61:Infinity":15,"f:46:12:46:18":9,"s:46:23:46:41":16,"f:52:12:52:18":10,"s:52:23:52:Infinity":17,"f:58:12:58:18":11,"s:58:23:58:Infinity":18,"s:63:19:63:56":19,"f:63:25:63:31":12,"s:63:36:63:55":20,"s:64:4:64:Infinity":21}}}
,"C:\\Users\\91941\\Desktop\\e-commerce\\e-commerce-frontend\\frontend\\src\\config\\env-config.jsx": {"path":"C:\\Users\\91941\\Desktop\\e-commerce\\e-commerce-frontend\\frontend\\src\\config\\env-config.jsx","statementMap":{"0":{"start":{"line":1,"column":12},"end":{"line":4,"column":null}},"1":{"start":{"line":6,"column":24},"end":{"line":6,"column":null}}},"fnMap":{},"branchMap":{"0":{"loc":{"start":{"line":2,"column":8},"end":{"line":2,"column":null}},"type":"binary-expr","locations":[{"start":{"line":2,"column":8},"end":{"line":2,"column":41}},{"start":{"line":2,"column":41},"end":{"line":2,"column":null}}],"line":2},"1":{"loc":{"start":{"line":3,"column":15},"end":{"line":3,"column":null}},"type":"binary-expr","locations":[{"start":{"line":3,"column":15},"end":{"line":3,"column":51}},{"start":{"line":3,"column":51},"end":{"line":3,"column":null}}],"line":3}},"s":{"0":1,"1":1},"f":{},"b":{"0":[1,0],"1":[1,0]},"meta":{"lastBranch":2,"lastFunction":0,"lastStatement":2,"seen":{"s:1:12:4:Infinity":0,"b:2:8:2:41:2:41:2:Infinity":0,"b:3:15:3:51:3:51:3:Infinity":1,"s:6:24:6:Infinity":1}}}
,"C:\\Users\\91941\\Desktop\\e-commerce\\e-commerce-frontend\\frontend\\src\\services\\apiService.jsx": {"path":"C:\\Users\\91941\\Desktop\\e-commerce\\e-commerce-frontend\\frontend\\src\\services\\apiService.jsx","statementMap":{"0":{"start":{"line":4,"column":18},"end":{"line":9,"column":2}},"1":{"start":{"line":12,"column":0},"end":{"line":21,"column":null}},"2":{"start":{"line":14,"column":18},"end":{"line":14,"column":47}},"3":{"start":{"line":15,"column":4},"end":{"line":16,"column":null}},"4":{"start":{"line":16,"column":6},"end":{"line":16,"column":null}},"5":{"start":{"line":18,"column":4},"end":{"line":18,"column":null}},"6":{"start":{"line":20,"column":13},"end":{"line":20,"column":34}},"7":{"start":{"line":24,"column":0},"end":{"line":31,"column":null}},"8":{"start":{"line":25,"column":16},"end":{"line":25,"column":null}},"9":{"start":{"line":27,"column":20},"end":{"line":27,"column":null}},"10":{"start":{"line":28,"column":4},"end":{"line":28,"column":null}},"11":{"start":{"line":29,"column":4},"end":{"line":29,"column":null}},"12":{"start":{"line":38,"column":13},"end":{"line":39,"column":null}},"13":{"start":{"line":39,"column":2},"end":{"line":39,"column":null}},"14":{"start":{"line":47,"column":13},"end":{"line":48,"column":null}},"15":{"start":{"line":48,"column":2},"end":{"line":48,"column":null}},"16":{"start":{"line":56,"column":13},"end":{"line":57,"column":null}},"17":{"start":{"line":57,"column":2},"end":{"line":57,"column":null}},"18":{"start":{"line":64,"column":13},"end":{"line":65,"column":null}},"19":{"start":{"line":65,"column":2},"end":{"line":65,"column":null}}},"fnMap":{"0":{"name":"(anonymous_0)","decl":{"start":{"line":12,"column":31},"end":{"line":12,"column":null}},"loc":{"start":{"line":13,"column":14},"end":{"line":20,"column":13}},"line":13},"1":{"name":"(anonymous_1)","decl":{"start":{"line":20,"column":3},"end":{"line":20,"column":13}},"loc":{"start":{"line":20,"column":13},"end":{"line":20,"column":34}},"line":20},"2":{"name":"(anonymous_2)","decl":{"start":{"line":24,"column":32},"end":{"line":24,"column":null}},"loc":{"start":{"line":25,"column":16},"end":{"line":25,"column":null}},"line":25},"3":{"name":"(anonymous_3)","decl":{"start":{"line":25,"column":25},"end":{"line":25,"column":null}},"loc":{"start":{"line":26,"column":13},"end":{"line":31,"column":null}},"line":26},"4":{"name":"(anonymous_4)","decl":{"start":{"line":38,"column":13},"end":{"line":38,"column":20}},"loc":{"start":{"line":38,"column":46},"end":{"line":39,"column":null}},"line":38},"5":{"name":"(anonymous_5)","decl":{"start":{"line":47,"column":13},"end":{"line":47,"column":21}},"loc":{"start":{"line":47,"column":45},"end":{"line":48,"column":null}},"line":47},"6":{"name":"(anonymous_6)","decl":{"start":{"line":56,"column":13},"end":{"line":56,"column":20}},"loc":{"start":{"line":56,"column":44},"end":{"line":57,"column":null}},"line":56},"7":{"name":"(anonymous_7)","decl":{"start":{"line":64,"column":13},"end":{"line":64,"column":20}},"loc":{"start":{"line":64,"column":33},"end":{"line":65,"column":null}},"line":64}},"branchMap":{"0":{"loc":{"start":{"line":15,"column":4},"end":{"line":16,"column":null}},"type":"if","locations":[{"start":{"line":15,"column":4},"end":{"line":16,"column":null}},{"start":{},"end":{}}],"line":15},"1":{"loc":{"start":{"line":27,"column":20},"end":{"line":27,"column":null}},"type":"binary-expr","locations":[{"start":{"line":27,"column":20},"end":{"line":27,"column":53}},{"start":{"line":27,"column":53},"end":{"line":27,"column":70}},{"start":{"line":27,"column":70},"end":{"line":27,"column":null}}],"line":27},"2":{"loc":{"start":{"line":38,"column":30},"end":{"line":38,"column":41}},"type":"default-arg","locations":[{"start":{"line":38,"column":39},"end":{"line":38,"column":41}}],"line":38},"3":{"loc":{"start":{"line":47,"column":31},"end":{"line":47,"column":40}},"type":"default-arg","locations":[{"start":{"line":47,"column":38},"end":{"line":47,"column":40}}],"line":47},"4":{"loc":{"start":{"line":56,"column":30},"end":{"line":56,"column":39}},"type":"default-arg","locations":[{"start":{"line":56,"column":37},"end":{"line":56,"column":39}}],"line":56}},"s":{"0":1,"1":1,"2":0,"3":0,"4":0,"5":0,"6":0,"7":1,"8":0,"9":0,"10":0,"11":0,"12":1,"13":0,"14":1,"15":0,"16":1,"17":0,"18":1,"19":0},"f":{"0":0,"1":0,"2":0,"3":0,"4":0,"5":0,"6":0,"7":0},"b":{"0":[0,0],"1":[0,0,0],"2":[0],"3":[0],"4":[0]},"meta":{"lastBranch":5,"lastFunction":8,"lastStatement":20,"seen":{"s:4:18:9:2":0,"s:12:0:21:Infinity":1,"f:12:31:12:Infinity":0,"s:14:18:14:47":2,"b:15:4:16:Infinity:undefined:undefined:undefined:undefined":0,"s:15:4:16:Infinity":3,"s:16:6:16:Infinity":4,"s:18:4:18:Infinity":5,"f:20:3:20:13":1,"s:20:13:20:34":6,"s:24:0:31:Infinity":7,"f:24:32:24:Infinity":2,"s:25:16:25:Infinity":8,"f:25:25:25:Infinity":3,"s:27:20:27:Infinity":9,"b:27:20:27:53:27:53:27:70:27:70:27:Infinity":1,"s:28:4:28:Infinity":10,"s:29:4:29:Infinity":11,"s:38:13:39:Infinity":12,"f:38:13:38:20":4,"b:38:39:38:41":2,"s:39:2:39:Infinity":13,"s:47:13:48:Infinity":14,"f:47:13:47:21":5,"b:47:38:47:40":3,"s:48:2:48:Infinity":15,"s:56:13:57:Infinity":16,"f:56:13:56:20":6,"b:56:37:56:39":4,"s:57:2:57:Infinity":17,"s:64:13:65:Infinity":18,"f:64:13:64:20":7,"s:65:2:65:Infinity":19}}}
}
