{"C:\\Users\\91941\\Desktop\\e-commerce\\e-commerce-frontend\\frontend\\src\\assets\\data\\countries.json": {"path":"C:\\Users\\91941\\Desktop\\e-commerce\\e-commerce-frontend\\frontend\\src\\assets\\data\\countries.json","statementMap":{},"fnMap":{},"branchMap":{},"s":{},"f":{},"b":{},"meta":{"lastBranch":0,"lastFunction":0,"lastStatement":0,"seen":{}}}
,"C:\\Users\\91941\\Desktop\\e-commerce\\e-commerce-frontend\\frontend\\src\\components\\Signup\\services\\CountryService.jsx": {"path":"C:\\Users\\91941\\Desktop\\e-commerce\\e-commerce-frontend\\frontend\\src\\components\\Signup\\services\\CountryService.jsx","statementMap":{"0":{"start":{"line":3,"column":13},"end":{"line":4,"column":null}},"1":{"start":{"line":4,"column":4},"end":{"line":4,"column":null}}},"fnMap":{"0":{"name":"(anonymous_0)","decl":{"start":{"line":3,"column":13},"end":{"line":3,"column":34}},"loc":{"start":{"line":3,"column":34},"end":{"line":4,"column":null}},"line":3}},"branchMap":{},"s":{"0":1,"1":2},"f":{"0":2},"b":{},"meta":{"lastBranch":0,"lastFunction":1,"lastStatement":2,"seen":{"s:3:13:4:Infinity":0,"f:3:13:3:34":0,"s:4:4:4:Infinity":1}}}
}
